<?xml version="1.0" encoding="UTF-8"?>
<!-- Generated by org.testng.reporters.JUnitReportReporter -->
<testsuite hostname="Hari-HP" failures="0" tests="1" name="testCases.E02_ExtentReportsAssignTags" time="1.464" errors="0" timestamp="2022-01-01T21:33:20 IST" skipped="0">
  <testcase classname="testCases.E02_ExtentReportsAssignTags" name="extentDemo" time="1.464"/>
  <system-out/>
</testsuite> <!-- testCases.E02_ExtentReportsAssignTags -->
