<?xml version="1.0" encoding="UTF-8"?>
<!-- Generated by org.testng.reporters.JUnitReportReporter -->
<testsuite hostname="Hari-HP" failures="0" tests="1" name="testCases.E01_ExtentReportsBasics" time="1.438" errors="0" timestamp="2022-01-01T21:32:35 IST" skipped="0">
  <testcase classname="testCases.E01_ExtentReportsBasics" name="extentDemo" time="1.438"/>
  <system-out/>
</testsuite> <!-- testCases.E01_ExtentReportsBasics -->
