<?xml version="1.0" encoding="UTF-8"?>
<!-- Generated by org.testng.reporters.JUnitReportReporter -->
<testsuite hostname="Hari-HP" failures="0" tests="1" name="testCases.E05_ExtentReportsCustomize" time="1.454" errors="0" timestamp="2022-01-01T22:09:27 IST" skipped="0">
  <testcase classname="testCases.E05_ExtentReportsCustomize" name="extentDemo" time="1.454"/>
  <system-out/>
</testsuite> <!-- testCases.E05_ExtentReportsCustomize -->
