<?xml version="1.0" encoding="UTF-8"?>
<!-- Generated by org.testng.reporters.JUnitReportReporter -->
<testsuite hostname="Hari-HP" failures="0" tests="1" name="testCases.E03_ExtentReports_OnlyFailedTCs" time="1.653" errors="0" timestamp="2022-01-01T21:34:44 IST" skipped="0">
  <testcase classname="testCases.E03_ExtentReports_OnlyFailedTCs" name="extentDemo" time="1.653"/>
  <system-out/>
</testsuite> <!-- testCases.E03_ExtentReports_OnlyFailedTCs -->
