<?xml version="1.0" encoding="UTF-8"?>
<!-- Generated by org.testng.reporters.JUnitReportReporter -->
<testsuite hostname="Hari-HP" failures="0" tests="1" name="testCases.E04_ExtentReportsXML" time="1.407" errors="0" timestamp="2022-01-01T21:43:29 IST" skipped="0">
  <testcase classname="testCases.E04_ExtentReportsXML" name="extentDemo" time="1.407"/>
  <system-out/>
</testsuite> <!-- testCases.E04_ExtentReportsXML -->
