<?xml version="1.0" encoding="UTF-8"?>
<!-- Generated by org.testng.reporters.JUnitReportReporter -->
<testsuite hostname="Hari-HP" failures="0" tests="1" name="testCases.ExtentReportsDemo" time="2.147" errors="0" timestamp="2022-01-01T20:54:29 IST" skipped="0">
  <testcase classname="testCases.ExtentReportsDemo" name="extentDemo" time="2.147"/>
  <system-out/>
</testsuite> <!-- testCases.ExtentReportsDemo -->
